2018-03-10 13:26:22,051 [Worker-19] INFO  o.e.m.c.i.l.LifecycleMappingFactory - Using org.eclipse.m2e.jdt.JarLifecycleMapping lifecycle mapping for MavenProject: com.niit:Ecommerce_backend:0.0.1-SNAPSHOT @ C:\Users\Karthigaivel\git\ProjectDemoEclipse\Ecommerce_backend\pom.xml.
2018-03-10 13:26:22,051 [Worker-6] INFO  o.e.m.c.i.l.LifecycleMappingFactory - Using org.eclipse.m2e.jdt.JarLifecycleMapping lifecycle mapping for MavenProject: com.niit:Ecommerce_backend:0.0.1-SNAPSHOT @ C:\Users\Karthigaivel\git\ProjectDemoEclipse\Ecommerce_backend\pom.xml.
2018-03-10 13:26:31,410 [Worker-6] INFO  o.e.m.c.i.embedder.EclipseLogger - Using 'UTF-8' encoding to copy filtered resources.
2018-03-10 13:26:31,410 [Worker-6] INFO  o.e.m.c.i.embedder.EclipseLogger - skip non existing resourceDirectory C:\Users\Karthigaivel\git\ProjectDemoEclipse\Ecommerce_backend\src\main\resources
2018-03-10 13:26:36,978 [Worker-4] INFO  o.e.m.c.i.l.LifecycleMappingFactory - Using org.eclipse.m2e.jdt.JarLifecycleMapping lifecycle mapping for MavenProject: com.niit:Ecommerce_backend:0.0.1-SNAPSHOT @ C:\Users\Karthigaivel\git\ProjectDemoEclipse\Ecommerce_backend\pom.xml.
2018-03-10 13:26:36,979 [Worker-6] INFO  o.e.m.c.i.embedder.EclipseLogger - Using 'UTF-8' encoding to copy filtered resources.
2018-03-10 13:26:36,980 [Worker-6] INFO  o.e.m.c.i.embedder.EclipseLogger - skip non existing resourceDirectory C:\Users\Karthigaivel\git\ProjectDemoEclipse\Ecommerce_backend\src\test\resources
2018-03-10 13:26:40,651 [Worker-20] INFO  o.e.m.c.i.embedder.EclipseLogger - Using 'UTF-8' encoding to copy filtered resources.
2018-03-10 13:26:40,651 [Worker-20] INFO  o.e.m.c.i.embedder.EclipseLogger - skip non existing resourceDirectory C:\Users\Karthigaivel\git\ProjectDemoEclipse\Ecommerce_backend\src\main\resources
2018-03-10 13:26:40,653 [Worker-20] INFO  o.e.m.c.i.embedder.EclipseLogger - Using 'UTF-8' encoding to copy filtered resources.
2018-03-10 13:26:40,654 [Worker-20] INFO  o.e.m.c.i.embedder.EclipseLogger - skip non existing resourceDirectory C:\Users\Karthigaivel\git\ProjectDemoEclipse\Ecommerce_backend\src\test\resources
2018-03-10 13:27:06,444 [Worker-13] INFO  o.e.m.c.i.l.LifecycleMappingFactory - Using org.maven.ide.eclipse.wtp.WarLifecycleMapping lifecycle mapping for MavenProject: com.niit:Ecommerce:0.0.1-SNAPSHOT @ C:\Users\Karthigaivel\git\ProjectDemoEclipse\Ecommerce\pom.xml.
2018-03-10 13:27:15,625 [Worker-13] WARN  o.e.m.c.i.embedder.EclipseLogger - Using platform encoding (Cp1252 actually) to copy filtered resources, i.e. build is platform dependent!
2018-03-10 13:27:15,633 [Worker-13] INFO  o.e.m.c.i.embedder.EclipseLogger - skip non existing resourceDirectory C:\Users\Karthigaivel\git\ProjectDemoEclipse\Ecommerce\src\main\resources
2018-03-10 13:27:15,634 [Worker-13] WARN  o.e.m.c.i.embedder.EclipseLogger - Using platform encoding (Cp1252 actually) to copy filtered resources, i.e. build is platform dependent!
2018-03-10 13:27:16,147 [Worker-13] INFO  o.e.m.c.i.embedder.EclipseLogger - skip non existing resourceDirectory C:\Users\Karthigaivel\git\ProjectDemoEclipse\Ecommerce\src\test\resources
2018-03-10 13:27:26,491 [Worker-20] WARN  o.e.m.c.i.embedder.EclipseLogger - Using platform encoding (Cp1252 actually) to copy filtered resources, i.e. build is platform dependent!
2018-03-10 13:27:26,536 [Worker-20] INFO  o.e.m.c.i.embedder.EclipseLogger - skip non existing resourceDirectory C:\Users\Karthigaivel\git\ProjectDemoEclipse\Ecommerce\src\main\resources
2018-03-10 13:27:26,539 [Worker-20] WARN  o.e.m.c.i.embedder.EclipseLogger - Using platform encoding (Cp1252 actually) to copy filtered resources, i.e. build is platform dependent!
2018-03-10 13:27:26,551 [Worker-20] INFO  o.e.m.c.i.embedder.EclipseLogger - skip non existing resourceDirectory C:\Users\Karthigaivel\git\ProjectDemoEclipse\Ecommerce\src\test\resources
2018-03-10 13:31:10,118 [Worker-15] WARN  o.e.m.c.i.embedder.EclipseLogger - Using platform encoding (Cp1252 actually) to copy filtered resources, i.e. build is platform dependent!
2018-03-10 13:31:10,217 [Worker-15] INFO  o.e.m.c.i.embedder.EclipseLogger - Copying 0 resource
2018-03-10 13:31:10,326 [Worker-15] WARN  o.e.m.c.i.embedder.EclipseLogger - Using platform encoding (Cp1252 actually) to copy filtered resources, i.e. build is platform dependent!
2018-03-10 13:31:10,331 [Worker-15] INFO  o.e.m.c.i.embedder.EclipseLogger - skip non existing resourceDirectory C:\Users\Karthigaivel\git\ProjectDemoEclipse\Ecommerce\src\test\resources
2018-03-10 13:33:18,354 [Worker-22] WARN  o.e.m.c.i.embedder.EclipseLogger - Using platform encoding (Cp1252 actually) to copy filtered resources, i.e. build is platform dependent!
2018-03-10 13:33:18,362 [Worker-22] INFO  o.e.m.c.i.embedder.EclipseLogger - Copying 0 resource
2018-03-10 13:33:18,363 [Worker-22] WARN  o.e.m.c.i.embedder.EclipseLogger - Using platform encoding (Cp1252 actually) to copy filtered resources, i.e. build is platform dependent!
2018-03-10 13:33:18,374 [Worker-22] INFO  o.e.m.c.i.embedder.EclipseLogger - skip non existing resourceDirectory C:\Users\Karthigaivel\git\ProjectDemoEclipse\Ecommerce\src\test\resources
2018-03-10 13:33:56,572 [Worker-16] WARN  o.e.m.c.i.embedder.EclipseLogger - Using platform encoding (Cp1252 actually) to copy filtered resources, i.e. build is platform dependent!
2018-03-10 13:33:56,584 [Worker-16] INFO  o.e.m.c.i.embedder.EclipseLogger - Copying 0 resource
2018-03-10 13:33:56,586 [Worker-16] WARN  o.e.m.c.i.embedder.EclipseLogger - Using platform encoding (Cp1252 actually) to copy filtered resources, i.e. build is platform dependent!
2018-03-10 13:33:56,599 [Worker-16] INFO  o.e.m.c.i.embedder.EclipseLogger - skip non existing resourceDirectory C:\Users\Karthigaivel\git\ProjectDemoEclipse\Ecommerce\src\test\resources
2018-03-10 13:35:56,210 [Worker-22] INFO  o.e.m.c.i.embedder.EclipseLogger - Using 'UTF-8' encoding to copy filtered resources.
2018-03-10 13:35:56,210 [Worker-22] INFO  o.e.m.c.i.embedder.EclipseLogger - skip non existing resourceDirectory C:\Users\Karthigaivel\git\ProjectDemoEclipse\Ecommerce_backend\src\main\resources
2018-03-10 13:35:56,216 [Worker-22] INFO  o.e.m.c.i.embedder.EclipseLogger - Using 'UTF-8' encoding to copy filtered resources.
2018-03-10 13:35:56,217 [Worker-22] INFO  o.e.m.c.i.embedder.EclipseLogger - skip non existing resourceDirectory C:\Users\Karthigaivel\git\ProjectDemoEclipse\Ecommerce_backend\src\test\resources
2018-03-10 13:37:34,930 [Worker-24] INFO  o.e.m.c.i.embedder.EclipseLogger - Using 'UTF-8' encoding to copy filtered resources.
2018-03-10 13:37:34,931 [Worker-24] INFO  o.e.m.c.i.embedder.EclipseLogger - skip non existing resourceDirectory C:\Users\Karthigaivel\git\ProjectDemoEclipse\Ecommerce_backend\src\main\resources
2018-03-10 13:37:34,933 [Worker-24] INFO  o.e.m.c.i.embedder.EclipseLogger - Using 'UTF-8' encoding to copy filtered resources.
2018-03-10 13:37:34,933 [Worker-24] INFO  o.e.m.c.i.embedder.EclipseLogger - skip non existing resourceDirectory C:\Users\Karthigaivel\git\ProjectDemoEclipse\Ecommerce_backend\src\test\resources
2018-03-10 13:38:54,673 [Worker-27] WARN  o.e.m.c.i.embedder.EclipseLogger - Using platform encoding (Cp1252 actually) to copy filtered resources, i.e. build is platform dependent!
2018-03-10 13:38:54,689 [Worker-27] INFO  o.e.m.c.i.embedder.EclipseLogger - Copying 0 resource
2018-03-10 13:38:54,690 [Worker-27] WARN  o.e.m.c.i.embedder.EclipseLogger - Using platform encoding (Cp1252 actually) to copy filtered resources, i.e. build is platform dependent!
2018-03-10 13:38:54,703 [Worker-27] INFO  o.e.m.c.i.embedder.EclipseLogger - skip non existing resourceDirectory C:\Users\Karthigaivel\git\ProjectDemoEclipse\Ecommerce\src\test\resources
2018-03-10 13:38:58,800 [Worker-36] INFO  o.e.m.c.i.embedder.EclipseLogger - Using 'UTF-8' encoding to copy filtered resources.
2018-03-10 13:38:58,800 [Worker-36] INFO  o.e.m.c.i.embedder.EclipseLogger - skip non existing resourceDirectory C:\Users\Karthigaivel\git\ProjectDemoEclipse\Ecommerce_backend\src\main\resources
2018-03-10 13:38:58,801 [Worker-36] INFO  o.e.m.c.i.embedder.EclipseLogger - Using 'UTF-8' encoding to copy filtered resources.
2018-03-10 13:38:58,802 [Worker-36] INFO  o.e.m.c.i.embedder.EclipseLogger - skip non existing resourceDirectory C:\Users\Karthigaivel\git\ProjectDemoEclipse\Ecommerce_backend\src\test\resources
2018-03-10 13:39:35,122 [Worker-25] INFO  o.e.m.c.i.embedder.EclipseLogger - Using 'UTF-8' encoding to copy filtered resources.
2018-03-10 13:39:35,123 [Worker-25] INFO  o.e.m.c.i.embedder.EclipseLogger - skip non existing resourceDirectory C:\Users\Karthigaivel\git\ProjectDemoEclipse\Ecommerce_backend\src\main\resources
2018-03-10 13:39:35,126 [Worker-25] INFO  o.e.m.c.i.embedder.EclipseLogger - Using 'UTF-8' encoding to copy filtered resources.
2018-03-10 13:39:35,127 [Worker-25] INFO  o.e.m.c.i.embedder.EclipseLogger - skip non existing resourceDirectory C:\Users\Karthigaivel\git\ProjectDemoEclipse\Ecommerce_backend\src\test\resources
2018-03-10 13:51:24,887 [Worker-7] WARN  o.e.m.c.i.embedder.EclipseLogger - Using platform encoding (Cp1252 actually) to copy filtered resources, i.e. build is platform dependent!
2018-03-10 13:51:25,437 [Worker-7] INFO  o.e.m.c.i.embedder.EclipseLogger - Copying 0 resource
2018-03-10 13:51:25,443 [Worker-7] WARN  o.e.m.c.i.embedder.EclipseLogger - Using platform encoding (Cp1252 actually) to copy filtered resources, i.e. build is platform dependent!
2018-03-10 13:51:25,532 [Worker-7] INFO  o.e.m.c.i.embedder.EclipseLogger - skip non existing resourceDirectory C:\Users\Karthigaivel\git\ProjectDemoEclipse\Ecommerce\src\test\resources
2018-03-10 13:57:33,914 [Worker-16] INFO  o.e.m.c.i.embedder.EclipseLogger - Using 'UTF-8' encoding to copy filtered resources.
2018-03-10 13:57:33,915 [Worker-16] INFO  o.e.m.c.i.embedder.EclipseLogger - skip non existing resourceDirectory C:\Users\Karthigaivel\git\ProjectDemoEclipse\Ecommerce_backend\src\main\resources
2018-03-10 13:57:33,917 [Worker-16] INFO  o.e.m.c.i.embedder.EclipseLogger - Using 'UTF-8' encoding to copy filtered resources.
2018-03-10 13:57:33,918 [Worker-16] INFO  o.e.m.c.i.embedder.EclipseLogger - skip non existing resourceDirectory C:\Users\Karthigaivel\git\ProjectDemoEclipse\Ecommerce_backend\src\test\resources
2018-03-10 13:57:36,626 [Worker-16] INFO  o.e.m.c.i.embedder.EclipseLogger - Using 'UTF-8' encoding to copy filtered resources.
2018-03-10 13:57:36,627 [Worker-16] INFO  o.e.m.c.i.embedder.EclipseLogger - skip non existing resourceDirectory C:\Users\Karthigaivel\git\ProjectDemoEclipse\Ecommerce_backend\src\main\resources
2018-03-10 13:57:36,628 [Worker-16] INFO  o.e.m.c.i.embedder.EclipseLogger - Using 'UTF-8' encoding to copy filtered resources.
2018-03-10 13:57:36,628 [Worker-16] INFO  o.e.m.c.i.embedder.EclipseLogger - skip non existing resourceDirectory C:\Users\Karthigaivel\git\ProjectDemoEclipse\Ecommerce_backend\src\test\resources
2018-03-10 14:03:19,941 [Worker-5] INFO  o.e.m.c.i.embedder.EclipseLogger - Using 'UTF-8' encoding to copy filtered resources.
2018-03-10 14:03:19,942 [Worker-5] INFO  o.e.m.c.i.embedder.EclipseLogger - skip non existing resourceDirectory C:\Users\Karthigaivel\git\ProjectDemoEclipse\Ecommerce_backend\src\main\resources
2018-03-10 14:03:19,943 [Worker-5] INFO  o.e.m.c.i.embedder.EclipseLogger - Using 'UTF-8' encoding to copy filtered resources.
2018-03-10 14:03:19,943 [Worker-5] INFO  o.e.m.c.i.embedder.EclipseLogger - skip non existing resourceDirectory C:\Users\Karthigaivel\git\ProjectDemoEclipse\Ecommerce_backend\src\test\resources
